<?xml version="1.0" encoding="UTF-8"?>
<testsuite xmlns:xsi="http://www.w3.org/2001/XMLSchema-instance" xsi:noNamespaceSchemaLocation="https://maven.apache.org/surefire/maven-surefire-plugin/xsd/surefire-test-report.xsd" name="com.banking.transactiondetails.statement.StatementValidatorTest" time="0.1" tests="4" errors="0" skipped="0" failures="0">
  <properties>
    <property name="sun.desktop" value="windows"/>
    <property name="awt.toolkit" value="sun.awt.windows.WToolkit"/>
    <property name="java.specification.version" value="11"/>
    <property name="sun.cpu.isalist" value="amd64"/>
    <property name="skip.integration.tests" value="true"/>
    <property name="sun.jnu.encoding" value="Cp1252"/>
    <property name="java.class.path" value="C:\Users\S928780\transactiondetails\target\test-classes;C:\Users\S928780\transactiondetails\target\classes;C:\Users\S928780\.m2\repository_OCSL\org\springframework\boot\spring-boot-starter-data-jpa\2.4.1\spring-boot-starter-data-jpa-2.4.1.jar;C:\Users\S928780\.m2\repository_OCSL\org\springframework\boot\spring-boot-starter-aop\2.4.1\spring-boot-starter-aop-2.4.1.jar;C:\Users\S928780\.m2\repository_OCSL\org\aspectj\aspectjweaver\1.9.6\aspectjweaver-1.9.6.jar;C:\Users\S928780\.m2\repository_OCSL\org\springframework\boot\spring-boot-starter-jdbc\2.4.1\spring-boot-starter-jdbc-2.4.1.jar;C:\Users\S928780\.m2\repository_OCSL\com\zaxxer\HikariCP\3.4.5\HikariCP-3.4.5.jar;C:\Users\S928780\.m2\repository_OCSL\org\springframework\spring-jdbc\5.3.2\spring-jdbc-5.3.2.jar;C:\Users\S928780\.m2\repository_OCSL\jakarta\transaction\jakarta.transaction-api\1.3.3\jakarta.transaction-api-1.3.3.jar;C:\Users\S928780\.m2\repository_OCSL\jakarta\persistence\jakarta.persistence-api\2.2.3\jakarta.persistence-api-2.2.3.jar;C:\Users\S928780\.m2\repository_OCSL\org\hibernate\hibernate-core\5.4.25.Final\hibernate-core-5.4.25.Final.jar;C:\Users\S928780\.m2\repository_OCSL\org\jboss\logging\jboss-logging\3.4.1.Final\jboss-logging-3.4.1.Final.jar;C:\Users\S928780\.m2\repository_OCSL\org\javassist\javassist\3.27.0-GA\javassist-3.27.0-GA.jar;C:\Users\S928780\.m2\repository_OCSL\net\bytebuddy\byte-buddy\1.10.18\byte-buddy-1.10.18.jar;C:\Users\S928780\.m2\repository_OCSL\antlr\antlr\2.7.7\antlr-2.7.7.jar;C:\Users\S928780\.m2\repository_OCSL\org\jboss\jandex\2.1.3.Final\jandex-2.1.3.Final.jar;C:\Users\S928780\.m2\repository_OCSL\com\fasterxml\classmate\1.5.1\classmate-1.5.1.jar;C:\Users\S928780\.m2\repository_OCSL\org\dom4j\dom4j\2.1.3\dom4j-2.1.3.jar;C:\Users\S928780\.m2\repository_OCSL\org\hibernate\common\hibernate-commons-annotations\5.1.2.Final\hibernate-commons-annotations-5.1.2.Final.jar;C:\Users\S928780\.m2\repository_OCSL\org\glassfish\jaxb\jaxb-runtime\2.3.3\jaxb-runtime-2.3.3.jar;C:\Users\S928780\.m2\repository_OCSL\org\glassfish\jaxb\txw2\2.3.3\txw2-2.3.3.jar;C:\Users\S928780\.m2\repository_OCSL\com\sun\istack\istack-commons-runtime\3.0.11\istack-commons-runtime-3.0.11.jar;C:\Users\S928780\.m2\repository_OCSL\com\sun\activation\jakarta.activation\1.2.2\jakarta.activation-1.2.2.jar;C:\Users\S928780\.m2\repository_OCSL\org\springframework\data\spring-data-jpa\2.4.2\spring-data-jpa-2.4.2.jar;C:\Users\S928780\.m2\repository_OCSL\org\springframework\data\spring-data-commons\2.4.2\spring-data-commons-2.4.2.jar;C:\Users\S928780\.m2\repository_OCSL\org\springframework\spring-orm\5.3.2\spring-orm-5.3.2.jar;C:\Users\S928780\.m2\repository_OCSL\org\springframework\spring-context\5.3.2\spring-context-5.3.2.jar;C:\Users\S928780\.m2\repository_OCSL\org\springframework\spring-tx\5.3.2\spring-tx-5.3.2.jar;C:\Users\S928780\.m2\repository_OCSL\org\springframework\spring-beans\5.3.2\spring-beans-5.3.2.jar;C:\Users\S928780\.m2\repository_OCSL\org\slf4j\slf4j-api\1.7.30\slf4j-api-1.7.30.jar;C:\Users\S928780\.m2\repository_OCSL\org\springframework\spring-aspects\5.3.2\spring-aspects-5.3.2.jar;C:\Users\S928780\.m2\repository_OCSL\org\springframework\boot\spring-boot-starter-web\2.4.1\spring-boot-starter-web-2.4.1.jar;C:\Users\S928780\.m2\repository_OCSL\org\springframework\boot\spring-boot-starter\2.4.1\spring-boot-starter-2.4.1.jar;C:\Users\S928780\.m2\repository_OCSL\org\springframework\boot\spring-boot\2.4.1\spring-boot-2.4.1.jar;C:\Users\S928780\.m2\repository_OCSL\org\springframework\boot\spring-boot-autoconfigure\2.4.1\spring-boot-autoconfigure-2.4.1.jar;C:\Users\S928780\.m2\repository_OCSL\org\springframework\boot\spring-boot-starter-logging\2.4.1\spring-boot-starter-logging-2.4.1.jar;C:\Users\S928780\.m2\repository_OCSL\ch\qos\logback\logback-classic\1.2.3\logback-classic-1.2.3.jar;C:\Users\S928780\.m2\repository_OCSL\ch\qos\logback\logback-core\1.2.3\logback-core-1.2.3.jar;C:\Users\S928780\.m2\repository_OCSL\org\apache\logging\log4j\log4j-to-slf4j\2.13.3\log4j-to-slf4j-2.13.3.jar;C:\Users\S928780\.m2\repository_OCSL\org\apache\logging\log4j\log4j-api\2.13.3\log4j-api-2.13.3.jar;C:\Users\S928780\.m2\repository_OCSL\org\slf4j\jul-to-slf4j\1.7.30\jul-to-slf4j-1.7.30.jar;C:\Users\S928780\.m2\repository_OCSL\jakarta\annotation\jakarta.annotation-api\1.3.5\jakarta.annotation-api-1.3.5.jar;C:\Users\S928780\.m2\repository_OCSL\org\yaml\snakeyaml\1.27\snakeyaml-1.27.jar;C:\Users\S928780\.m2\repository_OCSL\org\springframework\boot\spring-boot-starter-json\2.4.1\spring-boot-starter-json-2.4.1.jar;C:\Users\S928780\.m2\repository_OCSL\com\fasterxml\jackson\core\jackson-databind\2.11.3\jackson-databind-2.11.3.jar;C:\Users\S928780\.m2\repository_OCSL\com\fasterxml\jackson\core\jackson-annotations\2.11.3\jackson-annotations-2.11.3.jar;C:\Users\S928780\.m2\repository_OCSL\com\fasterxml\jackson\core\jackson-core\2.11.3\jackson-core-2.11.3.jar;C:\Users\S928780\.m2\repository_OCSL\com\fasterxml\jackson\datatype\jackson-datatype-jdk8\2.11.3\jackson-datatype-jdk8-2.11.3.jar;C:\Users\S928780\.m2\repository_OCSL\com\fasterxml\jackson\datatype\jackson-datatype-jsr310\2.11.3\jackson-datatype-jsr310-2.11.3.jar;C:\Users\S928780\.m2\repository_OCSL\com\fasterxml\jackson\module\jackson-module-parameter-names\2.11.3\jackson-module-parameter-names-2.11.3.jar;C:\Users\S928780\.m2\repository_OCSL\org\springframework\boot\spring-boot-starter-tomcat\2.4.1\spring-boot-starter-tomcat-2.4.1.jar;C:\Users\S928780\.m2\repository_OCSL\org\apache\tomcat\embed\tomcat-embed-core\9.0.41\tomcat-embed-core-9.0.41.jar;C:\Users\S928780\.m2\repository_OCSL\org\glassfish\jakarta.el\3.0.3\jakarta.el-3.0.3.jar;C:\Users\S928780\.m2\repository_OCSL\org\apache\tomcat\embed\tomcat-embed-websocket\9.0.41\tomcat-embed-websocket-9.0.41.jar;C:\Users\S928780\.m2\repository_OCSL\org\springframework\spring-web\5.3.2\spring-web-5.3.2.jar;C:\Users\S928780\.m2\repository_OCSL\org\springframework\spring-webmvc\5.3.2\spring-webmvc-5.3.2.jar;C:\Users\S928780\.m2\repository_OCSL\org\springframework\spring-expression\5.3.2\spring-expression-5.3.2.jar;C:\Users\S928780\.m2\repository_OCSL\com\h2database\h2\1.4.200\h2-1.4.200.jar;C:\Users\S928780\.m2\repository_OCSL\org\springframework\boot\spring-boot-starter-security\2.6.6\spring-boot-starter-security-2.6.6.jar;C:\Users\S928780\.m2\repository_OCSL\org\springframework\spring-aop\5.3.2\spring-aop-5.3.2.jar;C:\Users\S928780\.m2\repository_OCSL\org\springframework\security\spring-security-config\5.4.2\spring-security-config-5.4.2.jar;C:\Users\S928780\.m2\repository_OCSL\org\springframework\security\spring-security-web\5.4.2\spring-security-web-5.4.2.jar;C:\Users\S928780\.m2\repository_OCSL\org\springframework\security\spring-security-test\5.4.2\spring-security-test-5.4.2.jar;C:\Users\S928780\.m2\repository_OCSL\org\springframework\security\spring-security-core\5.4.2\spring-security-core-5.4.2.jar;C:\Users\S928780\.m2\repository_OCSL\org\springframework\spring-core\5.3.2\spring-core-5.3.2.jar;C:\Users\S928780\.m2\repository_OCSL\org\springframework\spring-jcl\5.3.2\spring-jcl-5.3.2.jar;C:\Users\S928780\.m2\repository_OCSL\org\springframework\spring-test\5.3.2\spring-test-5.3.2.jar;C:\Users\S928780\.m2\repository_OCSL\org\projectlombok\lombok\1.18.16\lombok-1.18.16.jar;C:\Users\S928780\.m2\repository_OCSL\org\springframework\boot\spring-boot-starter-test\2.4.1\spring-boot-starter-test-2.4.1.jar;C:\Users\S928780\.m2\repository_OCSL\org\springframework\boot\spring-boot-test\2.4.1\spring-boot-test-2.4.1.jar;C:\Users\S928780\.m2\repository_OCSL\org\springframework\boot\spring-boot-test-autoconfigure\2.4.1\spring-boot-test-autoconfigure-2.4.1.jar;C:\Users\S928780\.m2\repository_OCSL\com\jayway\jsonpath\json-path\2.4.0\json-path-2.4.0.jar;C:\Users\S928780\.m2\repository_OCSL\net\minidev\json-smart\2.3\json-smart-2.3.jar;C:\Users\S928780\.m2\repository_OCSL\net\minidev\accessors-smart\1.2\accessors-smart-1.2.jar;C:\Users\S928780\.m2\repository_OCSL\org\ow2\asm\asm\5.0.4\asm-5.0.4.jar;C:\Users\S928780\.m2\repository_OCSL\jakarta\xml\bind\jakarta.xml.bind-api\2.3.3\jakarta.xml.bind-api-2.3.3.jar;C:\Users\S928780\.m2\repository_OCSL\jakarta\activation\jakarta.activation-api\1.2.2\jakarta.activation-api-1.2.2.jar;C:\Users\S928780\.m2\repository_OCSL\org\assertj\assertj-core\3.18.1\assertj-core-3.18.1.jar;C:\Users\S928780\.m2\repository_OCSL\org\hamcrest\hamcrest\2.2\hamcrest-2.2.jar;C:\Users\S928780\.m2\repository_OCSL\org\junit\jupiter\junit-jupiter\5.7.0\junit-jupiter-5.7.0.jar;C:\Users\S928780\.m2\repository_OCSL\org\junit\jupiter\junit-jupiter-api\5.7.0\junit-jupiter-api-5.7.0.jar;C:\Users\S928780\.m2\repository_OCSL\org\junit\jupiter\junit-jupiter-params\5.7.0\junit-jupiter-params-5.7.0.jar;C:\Users\S928780\.m2\repository_OCSL\org\junit\jupiter\junit-jupiter-engine\5.7.0\junit-jupiter-engine-5.7.0.jar;C:\Users\S928780\.m2\repository_OCSL\org\mockito\mockito-core\3.6.28\mockito-core-3.6.28.jar;C:\Users\S928780\.m2\repository_OCSL\net\bytebuddy\byte-buddy-agent\1.10.18\byte-buddy-agent-1.10.18.jar;C:\Users\S928780\.m2\repository_OCSL\org\objenesis\objenesis\3.1\objenesis-3.1.jar;C:\Users\S928780\.m2\repository_OCSL\org\mockito\mockito-junit-jupiter\3.6.28\mockito-junit-jupiter-3.6.28.jar;C:\Users\S928780\.m2\repository_OCSL\org\skyscreamer\jsonassert\1.5.0\jsonassert-1.5.0.jar;C:\Users\S928780\.m2\repository_OCSL\com\vaadin\external\google\android-json\0.0.20131108.vaadin1\android-json-0.0.20131108.vaadin1.jar;C:\Users\S928780\.m2\repository_OCSL\org\xmlunit\xmlunit-core\2.7.0\xmlunit-core-2.7.0.jar;C:\Users\S928780\.m2\repository_OCSL\org\junit\vintage\junit-vintage-engine\5.7.0\junit-vintage-engine-5.7.0.jar;C:\Users\S928780\.m2\repository_OCSL\org\apiguardian\apiguardian-api\1.1.0\apiguardian-api-1.1.0.jar;C:\Users\S928780\.m2\repository_OCSL\org\junit\platform\junit-platform-engine\1.7.0\junit-platform-engine-1.7.0.jar;C:\Users\S928780\.m2\repository_OCSL\org\opentest4j\opentest4j\1.2.0\opentest4j-1.2.0.jar;C:\Users\S928780\.m2\repository_OCSL\org\junit\platform\junit-platform-commons\1.7.0\junit-platform-commons-1.7.0.jar;C:\Users\S928780\.m2\repository_OCSL\junit\junit\4.13.1\junit-4.13.1.jar;C:\Users\S928780\.m2\repository_OCSL\org\hamcrest\hamcrest-core\2.2\hamcrest-core-2.2.jar;"/>
    <property name="skip.unit.tests" value="false"/>
    <property name="java.vm.vendor" value="Oracle Corporation"/>
    <property name="sun.arch.data.model" value="64"/>
    <property name="user.variant" value=""/>
    <property name="java.vendor.url" value="https://openjdk.java.net/"/>
    <property name="user.timezone" value="Asia/Muscat"/>
    <property name="java.vm.specification.version" value="11"/>
    <property name="os.name" value="Windows 10"/>
    <property name="sun.java.launcher" value="SUN_STANDARD"/>
    <property name="user.country" value="GB"/>
    <property name="sun.boot.library.path" value="C:\bhuvi\new-OCSL-Revert-1\jdk-11.0.9-Revert\bin"/>
    <property name="sun.java.command" value="C:\Users\S928780\AppData\Local\Temp\surefire6485126117539031205\surefirebooter11762997104852104737.jar C:\Users\S928780\AppData\Local\Temp\surefire6485126117539031205 2022-05-28T16-42-38_315-jvmRun1 surefire5321518064388685172tmp surefire_014091477957120368424tmp"/>
    <property name="jdk.debug" value="release"/>
    <property name="surefire.test.class.path" value="C:\Users\S928780\transactiondetails\target\test-classes;C:\Users\S928780\transactiondetails\target\classes;C:\Users\S928780\.m2\repository_OCSL\org\springframework\boot\spring-boot-starter-data-jpa\2.4.1\spring-boot-starter-data-jpa-2.4.1.jar;C:\Users\S928780\.m2\repository_OCSL\org\springframework\boot\spring-boot-starter-aop\2.4.1\spring-boot-starter-aop-2.4.1.jar;C:\Users\S928780\.m2\repository_OCSL\org\aspectj\aspectjweaver\1.9.6\aspectjweaver-1.9.6.jar;C:\Users\S928780\.m2\repository_OCSL\org\springframework\boot\spring-boot-starter-jdbc\2.4.1\spring-boot-starter-jdbc-2.4.1.jar;C:\Users\S928780\.m2\repository_OCSL\com\zaxxer\HikariCP\3.4.5\HikariCP-3.4.5.jar;C:\Users\S928780\.m2\repository_OCSL\org\springframework\spring-jdbc\5.3.2\spring-jdbc-5.3.2.jar;C:\Users\S928780\.m2\repository_OCSL\jakarta\transaction\jakarta.transaction-api\1.3.3\jakarta.transaction-api-1.3.3.jar;C:\Users\S928780\.m2\repository_OCSL\jakarta\persistence\jakarta.persistence-api\2.2.3\jakarta.persistence-api-2.2.3.jar;C:\Users\S928780\.m2\repository_OCSL\org\hibernate\hibernate-core\5.4.25.Final\hibernate-core-5.4.25.Final.jar;C:\Users\S928780\.m2\repository_OCSL\org\jboss\logging\jboss-logging\3.4.1.Final\jboss-logging-3.4.1.Final.jar;C:\Users\S928780\.m2\repository_OCSL\org\javassist\javassist\3.27.0-GA\javassist-3.27.0-GA.jar;C:\Users\S928780\.m2\repository_OCSL\net\bytebuddy\byte-buddy\1.10.18\byte-buddy-1.10.18.jar;C:\Users\S928780\.m2\repository_OCSL\antlr\antlr\2.7.7\antlr-2.7.7.jar;C:\Users\S928780\.m2\repository_OCSL\org\jboss\jandex\2.1.3.Final\jandex-2.1.3.Final.jar;C:\Users\S928780\.m2\repository_OCSL\com\fasterxml\classmate\1.5.1\classmate-1.5.1.jar;C:\Users\S928780\.m2\repository_OCSL\org\dom4j\dom4j\2.1.3\dom4j-2.1.3.jar;C:\Users\S928780\.m2\repository_OCSL\org\hibernate\common\hibernate-commons-annotations\5.1.2.Final\hibernate-commons-annotations-5.1.2.Final.jar;C:\Users\S928780\.m2\repository_OCSL\org\glassfish\jaxb\jaxb-runtime\2.3.3\jaxb-runtime-2.3.3.jar;C:\Users\S928780\.m2\repository_OCSL\org\glassfish\jaxb\txw2\2.3.3\txw2-2.3.3.jar;C:\Users\S928780\.m2\repository_OCSL\com\sun\istack\istack-commons-runtime\3.0.11\istack-commons-runtime-3.0.11.jar;C:\Users\S928780\.m2\repository_OCSL\com\sun\activation\jakarta.activation\1.2.2\jakarta.activation-1.2.2.jar;C:\Users\S928780\.m2\repository_OCSL\org\springframework\data\spring-data-jpa\2.4.2\spring-data-jpa-2.4.2.jar;C:\Users\S928780\.m2\repository_OCSL\org\springframework\data\spring-data-commons\2.4.2\spring-data-commons-2.4.2.jar;C:\Users\S928780\.m2\repository_OCSL\org\springframework\spring-orm\5.3.2\spring-orm-5.3.2.jar;C:\Users\S928780\.m2\repository_OCSL\org\springframework\spring-context\5.3.2\spring-context-5.3.2.jar;C:\Users\S928780\.m2\repository_OCSL\org\springframework\spring-tx\5.3.2\spring-tx-5.3.2.jar;C:\Users\S928780\.m2\repository_OCSL\org\springframework\spring-beans\5.3.2\spring-beans-5.3.2.jar;C:\Users\S928780\.m2\repository_OCSL\org\slf4j\slf4j-api\1.7.30\slf4j-api-1.7.30.jar;C:\Users\S928780\.m2\repository_OCSL\org\springframework\spring-aspects\5.3.2\spring-aspects-5.3.2.jar;C:\Users\S928780\.m2\repository_OCSL\org\springframework\boot\spring-boot-starter-web\2.4.1\spring-boot-starter-web-2.4.1.jar;C:\Users\S928780\.m2\repository_OCSL\org\springframework\boot\spring-boot-starter\2.4.1\spring-boot-starter-2.4.1.jar;C:\Users\S928780\.m2\repository_OCSL\org\springframework\boot\spring-boot\2.4.1\spring-boot-2.4.1.jar;C:\Users\S928780\.m2\repository_OCSL\org\springframework\boot\spring-boot-autoconfigure\2.4.1\spring-boot-autoconfigure-2.4.1.jar;C:\Users\S928780\.m2\repository_OCSL\org\springframework\boot\spring-boot-starter-logging\2.4.1\spring-boot-starter-logging-2.4.1.jar;C:\Users\S928780\.m2\repository_OCSL\ch\qos\logback\logback-classic\1.2.3\logback-classic-1.2.3.jar;C:\Users\S928780\.m2\repository_OCSL\ch\qos\logback\logback-core\1.2.3\logback-core-1.2.3.jar;C:\Users\S928780\.m2\repository_OCSL\org\apache\logging\log4j\log4j-to-slf4j\2.13.3\log4j-to-slf4j-2.13.3.jar;C:\Users\S928780\.m2\repository_OCSL\org\apache\logging\log4j\log4j-api\2.13.3\log4j-api-2.13.3.jar;C:\Users\S928780\.m2\repository_OCSL\org\slf4j\jul-to-slf4j\1.7.30\jul-to-slf4j-1.7.30.jar;C:\Users\S928780\.m2\repository_OCSL\jakarta\annotation\jakarta.annotation-api\1.3.5\jakarta.annotation-api-1.3.5.jar;C:\Users\S928780\.m2\repository_OCSL\org\yaml\snakeyaml\1.27\snakeyaml-1.27.jar;C:\Users\S928780\.m2\repository_OCSL\org\springframework\boot\spring-boot-starter-json\2.4.1\spring-boot-starter-json-2.4.1.jar;C:\Users\S928780\.m2\repository_OCSL\com\fasterxml\jackson\core\jackson-databind\2.11.3\jackson-databind-2.11.3.jar;C:\Users\S928780\.m2\repository_OCSL\com\fasterxml\jackson\core\jackson-annotations\2.11.3\jackson-annotations-2.11.3.jar;C:\Users\S928780\.m2\repository_OCSL\com\fasterxml\jackson\core\jackson-core\2.11.3\jackson-core-2.11.3.jar;C:\Users\S928780\.m2\repository_OCSL\com\fasterxml\jackson\datatype\jackson-datatype-jdk8\2.11.3\jackson-datatype-jdk8-2.11.3.jar;C:\Users\S928780\.m2\repository_OCSL\com\fasterxml\jackson\datatype\jackson-datatype-jsr310\2.11.3\jackson-datatype-jsr310-2.11.3.jar;C:\Users\S928780\.m2\repository_OCSL\com\fasterxml\jackson\module\jackson-module-parameter-names\2.11.3\jackson-module-parameter-names-2.11.3.jar;C:\Users\S928780\.m2\repository_OCSL\org\springframework\boot\spring-boot-starter-tomcat\2.4.1\spring-boot-starter-tomcat-2.4.1.jar;C:\Users\S928780\.m2\repository_OCSL\org\apache\tomcat\embed\tomcat-embed-core\9.0.41\tomcat-embed-core-9.0.41.jar;C:\Users\S928780\.m2\repository_OCSL\org\glassfish\jakarta.el\3.0.3\jakarta.el-3.0.3.jar;C:\Users\S928780\.m2\repository_OCSL\org\apache\tomcat\embed\tomcat-embed-websocket\9.0.41\tomcat-embed-websocket-9.0.41.jar;C:\Users\S928780\.m2\repository_OCSL\org\springframework\spring-web\5.3.2\spring-web-5.3.2.jar;C:\Users\S928780\.m2\repository_OCSL\org\springframework\spring-webmvc\5.3.2\spring-webmvc-5.3.2.jar;C:\Users\S928780\.m2\repository_OCSL\org\springframework\spring-expression\5.3.2\spring-expression-5.3.2.jar;C:\Users\S928780\.m2\repository_OCSL\com\h2database\h2\1.4.200\h2-1.4.200.jar;C:\Users\S928780\.m2\repository_OCSL\org\springframework\boot\spring-boot-starter-security\2.6.6\spring-boot-starter-security-2.6.6.jar;C:\Users\S928780\.m2\repository_OCSL\org\springframework\spring-aop\5.3.2\spring-aop-5.3.2.jar;C:\Users\S928780\.m2\repository_OCSL\org\springframework\security\spring-security-config\5.4.2\spring-security-config-5.4.2.jar;C:\Users\S928780\.m2\repository_OCSL\org\springframework\security\spring-security-web\5.4.2\spring-security-web-5.4.2.jar;C:\Users\S928780\.m2\repository_OCSL\org\springframework\security\spring-security-test\5.4.2\spring-security-test-5.4.2.jar;C:\Users\S928780\.m2\repository_OCSL\org\springframework\security\spring-security-core\5.4.2\spring-security-core-5.4.2.jar;C:\Users\S928780\.m2\repository_OCSL\org\springframework\spring-core\5.3.2\spring-core-5.3.2.jar;C:\Users\S928780\.m2\repository_OCSL\org\springframework\spring-jcl\5.3.2\spring-jcl-5.3.2.jar;C:\Users\S928780\.m2\repository_OCSL\org\springframework\spring-test\5.3.2\spring-test-5.3.2.jar;C:\Users\S928780\.m2\repository_OCSL\org\projectlombok\lombok\1.18.16\lombok-1.18.16.jar;C:\Users\S928780\.m2\repository_OCSL\org\springframework\boot\spring-boot-starter-test\2.4.1\spring-boot-starter-test-2.4.1.jar;C:\Users\S928780\.m2\repository_OCSL\org\springframework\boot\spring-boot-test\2.4.1\spring-boot-test-2.4.1.jar;C:\Users\S928780\.m2\repository_OCSL\org\springframework\boot\spring-boot-test-autoconfigure\2.4.1\spring-boot-test-autoconfigure-2.4.1.jar;C:\Users\S928780\.m2\repository_OCSL\com\jayway\jsonpath\json-path\2.4.0\json-path-2.4.0.jar;C:\Users\S928780\.m2\repository_OCSL\net\minidev\json-smart\2.3\json-smart-2.3.jar;C:\Users\S928780\.m2\repository_OCSL\net\minidev\accessors-smart\1.2\accessors-smart-1.2.jar;C:\Users\S928780\.m2\repository_OCSL\org\ow2\asm\asm\5.0.4\asm-5.0.4.jar;C:\Users\S928780\.m2\repository_OCSL\jakarta\xml\bind\jakarta.xml.bind-api\2.3.3\jakarta.xml.bind-api-2.3.3.jar;C:\Users\S928780\.m2\repository_OCSL\jakarta\activation\jakarta.activation-api\1.2.2\jakarta.activation-api-1.2.2.jar;C:\Users\S928780\.m2\repository_OCSL\org\assertj\assertj-core\3.18.1\assertj-core-3.18.1.jar;C:\Users\S928780\.m2\repository_OCSL\org\hamcrest\hamcrest\2.2\hamcrest-2.2.jar;C:\Users\S928780\.m2\repository_OCSL\org\junit\jupiter\junit-jupiter\5.7.0\junit-jupiter-5.7.0.jar;C:\Users\S928780\.m2\repository_OCSL\org\junit\jupiter\junit-jupiter-api\5.7.0\junit-jupiter-api-5.7.0.jar;C:\Users\S928780\.m2\repository_OCSL\org\junit\jupiter\junit-jupiter-params\5.7.0\junit-jupiter-params-5.7.0.jar;C:\Users\S928780\.m2\repository_OCSL\org\junit\jupiter\junit-jupiter-engine\5.7.0\junit-jupiter-engine-5.7.0.jar;C:\Users\S928780\.m2\repository_OCSL\org\mockito\mockito-core\3.6.28\mockito-core-3.6.28.jar;C:\Users\S928780\.m2\repository_OCSL\net\bytebuddy\byte-buddy-agent\1.10.18\byte-buddy-agent-1.10.18.jar;C:\Users\S928780\.m2\repository_OCSL\org\objenesis\objenesis\3.1\objenesis-3.1.jar;C:\Users\S928780\.m2\repository_OCSL\org\mockito\mockito-junit-jupiter\3.6.28\mockito-junit-jupiter-3.6.28.jar;C:\Users\S928780\.m2\repository_OCSL\org\skyscreamer\jsonassert\1.5.0\jsonassert-1.5.0.jar;C:\Users\S928780\.m2\repository_OCSL\com\vaadin\external\google\android-json\0.0.20131108.vaadin1\android-json-0.0.20131108.vaadin1.jar;C:\Users\S928780\.m2\repository_OCSL\org\xmlunit\xmlunit-core\2.7.0\xmlunit-core-2.7.0.jar;C:\Users\S928780\.m2\repository_OCSL\org\junit\vintage\junit-vintage-engine\5.7.0\junit-vintage-engine-5.7.0.jar;C:\Users\S928780\.m2\repository_OCSL\org\apiguardian\apiguardian-api\1.1.0\apiguardian-api-1.1.0.jar;C:\Users\S928780\.m2\repository_OCSL\org\junit\platform\junit-platform-engine\1.7.0\junit-platform-engine-1.7.0.jar;C:\Users\S928780\.m2\repository_OCSL\org\opentest4j\opentest4j\1.2.0\opentest4j-1.2.0.jar;C:\Users\S928780\.m2\repository_OCSL\org\junit\platform\junit-platform-commons\1.7.0\junit-platform-commons-1.7.0.jar;C:\Users\S928780\.m2\repository_OCSL\junit\junit\4.13.1\junit-4.13.1.jar;C:\Users\S928780\.m2\repository_OCSL\org\hamcrest\hamcrest-core\2.2\hamcrest-core-2.2.jar;"/>
    <property name="sun.cpu.endian" value="little"/>
    <property name="user.home" value="C:\Users\S928780"/>
    <property name="user.language" value="en"/>
    <property name="java.specification.vendor" value="Oracle Corporation"/>
    <property name="java.version.date" value="2020-10-20"/>
    <property name="java.home" value="C:\bhuvi\new-OCSL-Revert-1\jdk-11.0.9-Revert"/>
    <property name="file.separator" value="\"/>
    <property name="basedir" value="C:\Users\S928780\transactiondetails"/>
    <property name="java.vm.compressedOopsMode" value="Zero based"/>
    <property name="line.separator" value="&#10;"/>
    <property name="java.specification.name" value="Java Platform API Specification"/>
    <property name="java.vm.specification.vendor" value="Oracle Corporation"/>
    <property name="java.awt.graphicsenv" value="sun.awt.Win32GraphicsEnvironment"/>
    <property name="surefire.real.class.path" value="C:\Users\S928780\AppData\Local\Temp\surefire6485126117539031205\surefirebooter11762997104852104737.jar"/>
    <property name="user.script" value=""/>
    <property name="sun.management.compiler" value="HotSpot 64-Bit Tiered Compilers"/>
    <property name="jacoco.skip.instrument" value="false"/>
    <property name="java.runtime.version" value="11.0.9+7-LTS"/>
    <property name="user.name" value="S928780"/>
    <property name="path.separator" value=";"/>
    <property name="os.version" value="10.0"/>
    <property name="java.runtime.name" value="Java(TM) SE Runtime Environment"/>
    <property name="file.encoding" value="Cp1252"/>
    <property name="java.vm.name" value="Java HotSpot(TM) 64-Bit Server VM"/>
    <property name="java.vendor.version" value="18.9"/>
    <property name="localRepository" value="C:\Users\S928780\.m2\repository_OCSL"/>
    <property name="java.vendor.url.bug" value="https://bugreport.java.com/bugreport/"/>
    <property name="java.io.tmpdir" value="C:\Users\S928780\AppData\Local\Temp\"/>
    <property name="idea.version" value="2021.1.3"/>
    <property name="java.version" value="11.0.9"/>
    <property name="user.dir" value="C:\Users\S928780\transactiondetails"/>
    <property name="os.arch" value="amd64"/>
    <property name="java.vm.specification.name" value="Java Virtual Machine Specification"/>
    <property name="java.awt.printerjob" value="sun.awt.windows.WPrinterJob"/>
    <property name="sun.os.patch.level" value=""/>
    <property name="java.library.path" value="C:\bhuvi\new-OCSL-Revert-1\jdk-11.0.9-Revert\bin;C:\WINDOWS\Sun\Java\bin;C:\WINDOWS\system32;C:\WINDOWS;C:\WINDOWS\system32;C:\WINDOWS;C:\WINDOWS\System32\Wbem;C:\WINDOWS\System32\WindowsPowerShell\v1.0\;C:\WINDOWS\System32\OpenSSH\;M:\Ora12c\product\12.1.0\client_1\bin;M:\Ora11g\oraclient11g\product\11.2.0\client_1\bin;C:\Program Files (x86)\Microsoft SQL Server\Client SDK\ODBC\130\Tools\Binn\;C:\Program Files (x86)\Microsoft SQL Server\140\Tools\Binn\;C:\Program Files (x86)\Microsoft SQL Server\140\DTS\Binn\;C:\Program Files (x86)\Microsoft SQL Server\140\Tools\Binn\ManagementStudio\;C:\Program Files\dotnet\;C:\Program Files\Microsoft SQL Server\130\Tools\Binn\;C:\Program Files\Microsoft SQL Server\Client SDK\ODBC\170\Tools\Binn\;C:\Program Files\Git\cmd;C:\WINDOWS\system32;C:\WINDOWS;C:\WINDOWS\System32\Wbem;C:\WINDOWS\System32\WindowsPowerShell\v1.0\;C:\WINDOWS\System32\OpenSSH\;C:\Program Files\Docker\Docker\resources\bin;C:\ProgramData\DockerDesktop\version-bin;C:\bhuvi\new-OCSL-Revert-1\jdk-11.0.9-Revert\bin;C:\Users\S928780\AppData\Local\Microsoft\WindowsApps;C:\bhuvi\new-OCSL-Revert-1\jdk-11.0.9-Revert\jre\lib;C:\Apps\apache-maven-3.5.4\bin;C:\Apps\apache-maven-3.5.4\bin;C:\Oracle\Middleware;;."/>
    <property name="java.vendor" value="Oracle Corporation"/>
    <property name="java.vm.info" value="mixed mode"/>
    <property name="java.vm.version" value="11.0.9+7-LTS"/>
    <property name="sun.io.unicode.encoding" value="UnicodeLittle"/>
    <property name="java.class.version" value="55.0"/>
  </properties>
  <testcase name="testPrepareResponse" classname="com.banking.transactiondetails.statement.StatementValidatorTest" time="0"/>
  <testcase name="testInvalidToDate" classname="com.banking.transactiondetails.statement.StatementValidatorTest" time="0.084"/>
  <testcase name="testAccountNumberEmpty" classname="com.banking.transactiondetails.statement.StatementValidatorTest" time="0"/>
  <testcase name="testInvalidFromDate" classname="com.banking.transactiondetails.statement.StatementValidatorTest" time="0"/>
</testsuite>